xgj/build/intermediates/manifest_merge_blame_file/release/manifest-merger-blame-release-report.txt
1<?xml version="1.0" encoding="utf-8"?>
2<manifest xmlns:android="http://schemas.android.com/apk/res/android"
3    package="com.liicon.xgj"
4    android:versionCode="1"
5    android:versionName="1.0" >
6
7    <uses-sdk
7-->src/main/AndroidManifest.xml:6:5-47
8        android:minSdkVersion="1"
8-->src/main/AndroidManifest.xml:6:5-47
9        android:targetSdkVersion="28" />
9-->src/main/AndroidManifest.xml:6:15-44
10
11    <application android:allowBackup="true" >
11-->src/main/AndroidManifest.xml:8:5-10:19
11-->src/main/AndroidManifest.xml:9:9-35
12    </application>
13
14</manifest>